{
  "ts": "2025-08-22T01:37:46.225Z",
  "source": "fastTokenFetcher",
  "data": {
    "heliusEvents": [],
    "dexTop": [
      "7rzDLFdEnixgtcw3wKhzQwELZFPf4qmBPGu9JKtYbonk",
      "0x8De9077B619DcBdA28edda4b8dC16538a59EFb49",
      "0xb5b7F828cAED10DB9582BED424Ff79809CE766cb",
      "7eENH2rqqVAtXoCwBQ1S4FbXJjxAuqNLpcMxfHC8bonk",
      "4beyCd8T3oTY1MMgH19GiCiUhRwH5k4nC9FmX9i8pump",
      "0x50a0c6e812c3f7bac2a005aecb6b44a1c0b49a0b",
      "5LKHMd2rMSRaG9y4iHwSLRtrJ3dCrJ2CytvBeak8pump",
      "FnHMufYxHJY37u1tz7HoVG3L9g8sJkUmAVgnm7YCwVh6",
      "5arEQv5tGJj8UbhnPrc1WL5KMmijCe4FuexCaEXUBAGS",
      "B32hGG9q55tcik9gNBPuoSHTnqFtpKYLpsApFyvCpump",
      "0x2f0464A5DA04B3091A328D89183237ffde47e62d",
      "5B3TUHMjwiU9XHTARWn23BGDxcQ21nuFWEnwhhKSY4nR",
      "Bkn34e6T1ZD5tZiVgTfkQQNGX5kAuLD4fWtST3tZmoon",
      "DLUkPvRQmsEghpkJpsXTHeZbrQJ4RfsoXabZURuipump",
      "8QW2KcH4T7D3JQrBXt9f3n9sRnihgYuXaRMjW7VBpump",
      "2nmowg87Jbo55Uc3yWaeeSZ6DnDBhpoVMiQKMdKfv777",
      "FxFHBsCmCxTgmwQ6Jmk1tAgumTkwMsq6uVZ21ZzDpump",
      "0x1FdcfdEc6fE7A8956bd5b6c4a8C3791aE0A19065",
      "FKP4dgfB2dj5T1rNHk6jHWWjyeDrbQKkF3A3nJJgpump",
      "53oF2Fg2RZcVKNPwzQ5s7eqtF6i7orGWBpNkBAZYTTqD",
      "53Xy4g1RJnGR6saaJRDNoo1rYTGZ3W5U321EDdSa5BGD",
      "QbyvMVcfMqtM5fVFxSrtAyym6wRffV7gtsPDLc2xVAL",
      "8XyXWH7NSKWQovUN7oLQdz9icU4DXsib8c89cJDxAni",
      "Ai1R6Ebx1nCMme1kZ5FM7PonqRijHS9t5eQ7cHpspump",
      "EZ6vkdi5ZzKTxkCsTjkMDRqA8iG1a64kUtVoh7jjpump",
      "CXWRfG6E3iNgMasAutvctuXXAjme53snu9ZTekvypUmP",
      "HMGGFh9d2g2cm7jJSbCERSomHWSXYizjCr5tJiitpump",
      "5VhdQdrt3TPDt18VLNDswXrNkHeKrTsoaiM9isN2pump"
    ],
    "heliusHistory": [
      "4beyCd8T3oTY1MMgH19GiCiUhRwH5k4nC9FmX9i8pump",
      "5LKHMd2rMSRaG9y4iHwSLRtrJ3dCrJ2CytvBeak8pump",
      "FnHMufYxHJY37u1tz7HoVG3L9g8sJkUmAVgnm7YCwVh6",
      "5B3TUHMjwiU9XHTARWn23BGDxcQ21nuFWEnwhhKSY4nR",
      "DLUkPvRQmsEghpkJpsXTHeZbrQJ4RfsoXabZURuipump",
      "8QW2KcH4T7D3JQrBXt9f3n9sRnihgYuXaRMjW7VBpump",
      "2nmowg87Jbo55Uc3yWaeeSZ6DnDBhpoVMiQKMdKfv777",
      "FxFHBsCmCxTgmwQ6Jmk1tAgumTkwMsq6uVZ21ZzDpump",
      "FKP4dgfB2dj5T1rNHk6jHWWjyeDrbQKkF3A3nJJgpump",
      "53oF2Fg2RZcVKNPwzQ5s7eqtF6i7orGWBpNkBAZYTTqD",
      "53Xy4g1RJnGR6saaJRDNoo1rYTGZ3W5U321EDdSa5BGD"
    ]
  }
}
{
  "ts": "2025-08-22T01:37:47.942Z",
  "source": "fastTokenFetcher",
  "data": {
    "heliusEvents": [],
    "dexTop": [
      "7rzDLFdEnixgtcw3wKhzQwELZFPf4qmBPGu9JKtYbonk",
      "0x8De9077B619DcBdA28edda4b8dC16538a59EFb49",
      "0xb5b7F828cAED10DB9582BED424Ff79809CE766cb",
      "7eENH2rqqVAtXoCwBQ1S4FbXJjxAuqNLpcMxfHC8bonk",
      "4beyCd8T3oTY1MMgH19GiCiUhRwH5k4nC9FmX9i8pump",
      "0x50a0c6e812c3f7bac2a005aecb6b44a1c0b49a0b",
      "5LKHMd2rMSRaG9y4iHwSLRtrJ3dCrJ2CytvBeak8pump",
      "FnHMufYxHJY37u1tz7HoVG3L9g8sJkUmAVgnm7YCwVh6",
      "5arEQv5tGJj8UbhnPrc1WL5KMmijCe4FuexCaEXUBAGS",
      "B32hGG9q55tcik9gNBPuoSHTnqFtpKYLpsApFyvCpump",
      "0x2f0464A5DA04B3091A328D89183237ffde47e62d",
      "5B3TUHMjwiU9XHTARWn23BGDxcQ21nuFWEnwhhKSY4nR",
      "Bkn34e6T1ZD5tZiVgTfkQQNGX5kAuLD4fWtST3tZmoon",
      "DLUkPvRQmsEghpkJpsXTHeZbrQJ4RfsoXabZURuipump",
      "8QW2KcH4T7D3JQrBXt9f3n9sRnihgYuXaRMjW7VBpump",
      "2nmowg87Jbo55Uc3yWaeeSZ6DnDBhpoVMiQKMdKfv777",
      "FxFHBsCmCxTgmwQ6Jmk1tAgumTkwMsq6uVZ21ZzDpump",
      "0x1FdcfdEc6fE7A8956bd5b6c4a8C3791aE0A19065",
      "FKP4dgfB2dj5T1rNHk6jHWWjyeDrbQKkF3A3nJJgpump",
      "53oF2Fg2RZcVKNPwzQ5s7eqtF6i7orGWBpNkBAZYTTqD",
      "53Xy4g1RJnGR6saaJRDNoo1rYTGZ3W5U321EDdSa5BGD",
      "QbyvMVcfMqtM5fVFxSrtAyym6wRffV7gtsPDLc2xVAL",
      "8XyXWH7NSKWQovUN7oLQdz9icU4DXsib8c89cJDxAni",
      "Ai1R6Ebx1nCMme1kZ5FM7PonqRijHS9t5eQ7cHpspump",
      "EZ6vkdi5ZzKTxkCsTjkMDRqA8iG1a64kUtVoh7jjpump",
      "CXWRfG6E3iNgMasAutvctuXXAjme53snu9ZTekvypUmP",
      "HMGGFh9d2g2cm7jJSbCERSomHWSXYizjCr5tJiitpump",
      "5VhdQdrt3TPDt18VLNDswXrNkHeKrTsoaiM9isN2pump"
    ],
    "heliusHistory": [
      "7rzDLFdEnixgtcw3wKhzQwELZFPf4qmBPGu9JKtYbonk",
      "7eENH2rqqVAtXoCwBQ1S4FbXJjxAuqNLpcMxfHC8bonk",
      "4beyCd8T3oTY1MMgH19GiCiUhRwH5k4nC9FmX9i8pump",
      "5LKHMd2rMSRaG9y4iHwSLRtrJ3dCrJ2CytvBeak8pump",
      "FnHMufYxHJY37u1tz7HoVG3L9g8sJkUmAVgnm7YCwVh6",
      "5arEQv5tGJj8UbhnPrc1WL5KMmijCe4FuexCaEXUBAGS",
      "B32hGG9q55tcik9gNBPuoSHTnqFtpKYLpsApFyvCpump",
      "5B3TUHMjwiU9XHTARWn23BGDxcQ21nuFWEnwhhKSY4nR",
      "Bkn34e6T1ZD5tZiVgTfkQQNGX5kAuLD4fWtST3tZmoon"
    ]
  }
}
{
  "ts": "2025-08-22T01:38:22.624Z",
  "source": "fastTokenFetcher",
  "data": {
    "heliusEvents": [],
    "dexTop": [
      "7rzDLFdEnixgtcw3wKhzQwELZFPf4qmBPGu9JKtYbonk",
      "0x8De9077B619DcBdA28edda4b8dC16538a59EFb49",
      "0xb5b7F828cAED10DB9582BED424Ff79809CE766cb",
      "7eENH2rqqVAtXoCwBQ1S4FbXJjxAuqNLpcMxfHC8bonk",
      "4beyCd8T3oTY1MMgH19GiCiUhRwH5k4nC9FmX9i8pump",
      "0x50a0c6e812c3f7bac2a005aecb6b44a1c0b49a0b",
      "5LKHMd2rMSRaG9y4iHwSLRtrJ3dCrJ2CytvBeak8pump",
      "FnHMufYxHJY37u1tz7HoVG3L9g8sJkUmAVgnm7YCwVh6",
      "5arEQv5tGJj8UbhnPrc1WL5KMmijCe4FuexCaEXUBAGS",
      "B32hGG9q55tcik9gNBPuoSHTnqFtpKYLpsApFyvCpump",
      "0x2f0464A5DA04B3091A328D89183237ffde47e62d",
      "5B3TUHMjwiU9XHTARWn23BGDxcQ21nuFWEnwhhKSY4nR",
      "Bkn34e6T1ZD5tZiVgTfkQQNGX5kAuLD4fWtST3tZmoon",
      "DLUkPvRQmsEghpkJpsXTHeZbrQJ4RfsoXabZURuipump",
      "8QW2KcH4T7D3JQrBXt9f3n9sRnihgYuXaRMjW7VBpump",
      "2nmowg87Jbo55Uc3yWaeeSZ6DnDBhpoVMiQKMdKfv777",
      "FxFHBsCmCxTgmwQ6Jmk1tAgumTkwMsq6uVZ21ZzDpump",
      "0x1FdcfdEc6fE7A8956bd5b6c4a8C3791aE0A19065",
      "FKP4dgfB2dj5T1rNHk6jHWWjyeDrbQKkF3A3nJJgpump",
      "53oF2Fg2RZcVKNPwzQ5s7eqtF6i7orGWBpNkBAZYTTqD",
      "53Xy4g1RJnGR6saaJRDNoo1rYTGZ3W5U321EDdSa5BGD",
      "QbyvMVcfMqtM5fVFxSrtAyym6wRffV7gtsPDLc2xVAL",
      "8XyXWH7NSKWQovUN7oLQdz9icU4DXsib8c89cJDxAni",
      "Ai1R6Ebx1nCMme1kZ5FM7PonqRijHS9t5eQ7cHpspump",
      "EZ6vkdi5ZzKTxkCsTjkMDRqA8iG1a64kUtVoh7jjpump",
      "CXWRfG6E3iNgMasAutvctuXXAjme53snu9ZTekvypUmP",
      "HMGGFh9d2g2cm7jJSbCERSomHWSXYizjCr5tJiitpump",
      "5VhdQdrt3TPDt18VLNDswXrNkHeKrTsoaiM9isN2pump"
    ],
    "heliusHistory": []
  }
}
{
  "ts": "2025-08-22T01:38:25.098Z",
  "source": "fastTokenFetcher",
  "data": {
    "heliusEvents": [],
    "dexTop": [
      "7rzDLFdEnixgtcw3wKhzQwELZFPf4qmBPGu9JKtYbonk",
      "0x8De9077B619DcBdA28edda4b8dC16538a59EFb49",
      "0xb5b7F828cAED10DB9582BED424Ff79809CE766cb",
      "7eENH2rqqVAtXoCwBQ1S4FbXJjxAuqNLpcMxfHC8bonk",
      "4beyCd8T3oTY1MMgH19GiCiUhRwH5k4nC9FmX9i8pump",
      "0x50a0c6e812c3f7bac2a005aecb6b44a1c0b49a0b",
      "5LKHMd2rMSRaG9y4iHwSLRtrJ3dCrJ2CytvBeak8pump",
      "FnHMufYxHJY37u1tz7HoVG3L9g8sJkUmAVgnm7YCwVh6",
      "5arEQv5tGJj8UbhnPrc1WL5KMmijCe4FuexCaEXUBAGS",
      "B32hGG9q55tcik9gNBPuoSHTnqFtpKYLpsApFyvCpump",
      "0x2f0464A5DA04B3091A328D89183237ffde47e62d",
      "5B3TUHMjwiU9XHTARWn23BGDxcQ21nuFWEnwhhKSY4nR",
      "Bkn34e6T1ZD5tZiVgTfkQQNGX5kAuLD4fWtST3tZmoon",
      "DLUkPvRQmsEghpkJpsXTHeZbrQJ4RfsoXabZURuipump",
      "8QW2KcH4T7D3JQrBXt9f3n9sRnihgYuXaRMjW7VBpump",
      "2nmowg87Jbo55Uc3yWaeeSZ6DnDBhpoVMiQKMdKfv777",
      "FxFHBsCmCxTgmwQ6Jmk1tAgumTkwMsq6uVZ21ZzDpump",
      "0x1FdcfdEc6fE7A8956bd5b6c4a8C3791aE0A19065",
      "FKP4dgfB2dj5T1rNHk6jHWWjyeDrbQKkF3A3nJJgpump",
      "53oF2Fg2RZcVKNPwzQ5s7eqtF6i7orGWBpNkBAZYTTqD",
      "53Xy4g1RJnGR6saaJRDNoo1rYTGZ3W5U321EDdSa5BGD",
      "QbyvMVcfMqtM5fVFxSrtAyym6wRffV7gtsPDLc2xVAL",
      "8XyXWH7NSKWQovUN7oLQdz9icU4DXsib8c89cJDxAni",
      "Ai1R6Ebx1nCMme1kZ5FM7PonqRijHS9t5eQ7cHpspump",
      "EZ6vkdi5ZzKTxkCsTjkMDRqA8iG1a64kUtVoh7jjpump",
      "CXWRfG6E3iNgMasAutvctuXXAjme53snu9ZTekvypUmP",
      "HMGGFh9d2g2cm7jJSbCERSomHWSXYizjCr5tJiitpump",
      "5VhdQdrt3TPDt18VLNDswXrNkHeKrTsoaiM9isN2pump"
    ],
    "heliusHistory": [
      "5LKHMd2rMSRaG9y4iHwSLRtrJ3dCrJ2CytvBeak8pump",
      "FnHMufYxHJY37u1tz7HoVG3L9g8sJkUmAVgnm7YCwVh6",
      "5arEQv5tGJj8UbhnPrc1WL5KMmijCe4FuexCaEXUBAGS",
      "B32hGG9q55tcik9gNBPuoSHTnqFtpKYLpsApFyvCpump",
      "5B3TUHMjwiU9XHTARWn23BGDxcQ21nuFWEnwhhKSY4nR",
      "Bkn34e6T1ZD5tZiVgTfkQQNGX5kAuLD4fWtST3tZmoon",
      "DLUkPvRQmsEghpkJpsXTHeZbrQJ4RfsoXabZURuipump",
      "8QW2KcH4T7D3JQrBXt9f3n9sRnihgYuXaRMjW7VBpump"
    ]
  }
}
{
  "ts": "2025-08-22T01:38:26.854Z",
  "source": "fastTokenFetcher",
  "data": {
    "heliusEvents": [],
    "dexTop": [
      "7rzDLFdEnixgtcw3wKhzQwELZFPf4qmBPGu9JKtYbonk",
      "0x8De9077B619DcBdA28edda4b8dC16538a59EFb49",
      "0xb5b7F828cAED10DB9582BED424Ff79809CE766cb",
      "7eENH2rqqVAtXoCwBQ1S4FbXJjxAuqNLpcMxfHC8bonk",
      "4beyCd8T3oTY1MMgH19GiCiUhRwH5k4nC9FmX9i8pump",
      "0x50a0c6e812c3f7bac2a005aecb6b44a1c0b49a0b",
      "5LKHMd2rMSRaG9y4iHwSLRtrJ3dCrJ2CytvBeak8pump",
      "FnHMufYxHJY37u1tz7HoVG3L9g8sJkUmAVgnm7YCwVh6",
      "5arEQv5tGJj8UbhnPrc1WL5KMmijCe4FuexCaEXUBAGS",
      "B32hGG9q55tcik9gNBPuoSHTnqFtpKYLpsApFyvCpump",
      "0x2f0464A5DA04B3091A328D89183237ffde47e62d",
      "5B3TUHMjwiU9XHTARWn23BGDxcQ21nuFWEnwhhKSY4nR",
      "Bkn34e6T1ZD5tZiVgTfkQQNGX5kAuLD4fWtST3tZmoon",
      "DLUkPvRQmsEghpkJpsXTHeZbrQJ4RfsoXabZURuipump",
      "8QW2KcH4T7D3JQrBXt9f3n9sRnihgYuXaRMjW7VBpump",
      "2nmowg87Jbo55Uc3yWaeeSZ6DnDBhpoVMiQKMdKfv777",
      "FxFHBsCmCxTgmwQ6Jmk1tAgumTkwMsq6uVZ21ZzDpump",
      "0x1FdcfdEc6fE7A8956bd5b6c4a8C3791aE0A19065",
      "FKP4dgfB2dj5T1rNHk6jHWWjyeDrbQKkF3A3nJJgpump",
      "53oF2Fg2RZcVKNPwzQ5s7eqtF6i7orGWBpNkBAZYTTqD",
      "53Xy4g1RJnGR6saaJRDNoo1rYTGZ3W5U321EDdSa5BGD",
      "QbyvMVcfMqtM5fVFxSrtAyym6wRffV7gtsPDLc2xVAL",
      "8XyXWH7NSKWQovUN7oLQdz9icU4DXsib8c89cJDxAni",
      "Ai1R6Ebx1nCMme1kZ5FM7PonqRijHS9t5eQ7cHpspump",
      "EZ6vkdi5ZzKTxkCsTjkMDRqA8iG1a64kUtVoh7jjpump",
      "CXWRfG6E3iNgMasAutvctuXXAjme53snu9ZTekvypUmP",
      "HMGGFh9d2g2cm7jJSbCERSomHWSXYizjCr5tJiitpump",
      "5VhdQdrt3TPDt18VLNDswXrNkHeKrTsoaiM9isN2pump"
    ],
    "heliusHistory": [
      "7rzDLFdEnixgtcw3wKhzQwELZFPf4qmBPGu9JKtYbonk",
      "7eENH2rqqVAtXoCwBQ1S4FbXJjxAuqNLpcMxfHC8bonk",
      "4beyCd8T3oTY1MMgH19GiCiUhRwH5k4nC9FmX9i8pump",
      "FnHMufYxHJY37u1tz7HoVG3L9g8sJkUmAVgnm7YCwVh6",
      "5arEQv5tGJj8UbhnPrc1WL5KMmijCe4FuexCaEXUBAGS",
      "5B3TUHMjwiU9XHTARWn23BGDxcQ21nuFWEnwhhKSY4nR",
      "DLUkPvRQmsEghpkJpsXTHeZbrQJ4RfsoXabZURuipump",
      "FxFHBsCmCxTgmwQ6Jmk1tAgumTkwMsq6uVZ21ZzDpump",
      "FKP4dgfB2dj5T1rNHk6jHWWjyeDrbQKkF3A3nJJgpump",
      "53oF2Fg2RZcVKNPwzQ5s7eqtF6i7orGWBpNkBAZYTTqD",
      "53Xy4g1RJnGR6saaJRDNoo1rYTGZ3W5U321EDdSa5BGD",
      "QbyvMVcfMqtM5fVFxSrtAyym6wRffV7gtsPDLc2xVAL",
      "8XyXWH7NSKWQovUN7oLQdz9icU4DXsib8c89cJDxAni",
      "Ai1R6Ebx1nCMme1kZ5FM7PonqRijHS9t5eQ7cHpspump",
      "EZ6vkdi5ZzKTxkCsTjkMDRqA8iG1a64kUtVoh7jjpump",
      "HMGGFh9d2g2cm7jJSbCERSomHWSXYizjCr5tJiitpump"
    ]
  }
}
{
  "ts": "2025-08-22T01:39:29.537Z",
  "source": "fastTokenFetcher",
  "data": {
    "heliusEvents": [],
    "dexTop": [
      "7rzDLFdEnixgtcw3wKhzQwELZFPf4qmBPGu9JKtYbonk",
      "0x8De9077B619DcBdA28edda4b8dC16538a59EFb49",
      "0xb5b7F828cAED10DB9582BED424Ff79809CE766cb",
      "7eENH2rqqVAtXoCwBQ1S4FbXJjxAuqNLpcMxfHC8bonk",
      "4beyCd8T3oTY1MMgH19GiCiUhRwH5k4nC9FmX9i8pump",
      "0x50a0c6e812c3f7bac2a005aecb6b44a1c0b49a0b",
      "5LKHMd2rMSRaG9y4iHwSLRtrJ3dCrJ2CytvBeak8pump",
      "FnHMufYxHJY37u1tz7HoVG3L9g8sJkUmAVgnm7YCwVh6",
      "5arEQv5tGJj8UbhnPrc1WL5KMmijCe4FuexCaEXUBAGS",
      "B32hGG9q55tcik9gNBPuoSHTnqFtpKYLpsApFyvCpump",
      "0x2f0464A5DA04B3091A328D89183237ffde47e62d",
      "5B3TUHMjwiU9XHTARWn23BGDxcQ21nuFWEnwhhKSY4nR",
      "Bkn34e6T1ZD5tZiVgTfkQQNGX5kAuLD4fWtST3tZmoon",
      "DLUkPvRQmsEghpkJpsXTHeZbrQJ4RfsoXabZURuipump",
      "8QW2KcH4T7D3JQrBXt9f3n9sRnihgYuXaRMjW7VBpump",
      "2nmowg87Jbo55Uc3yWaeeSZ6DnDBhpoVMiQKMdKfv777",
      "FxFHBsCmCxTgmwQ6Jmk1tAgumTkwMsq6uVZ21ZzDpump",
      "0x1FdcfdEc6fE7A8956bd5b6c4a8C3791aE0A19065",
      "FKP4dgfB2dj5T1rNHk6jHWWjyeDrbQKkF3A3nJJgpump",
      "53oF2Fg2RZcVKNPwzQ5s7eqtF6i7orGWBpNkBAZYTTqD",
      "53Xy4g1RJnGR6saaJRDNoo1rYTGZ3W5U321EDdSa5BGD",
      "QbyvMVcfMqtM5fVFxSrtAyym6wRffV7gtsPDLc2xVAL",
      "8XyXWH7NSKWQovUN7oLQdz9icU4DXsib8c89cJDxAni",
      "Ai1R6Ebx1nCMme1kZ5FM7PonqRijHS9t5eQ7cHpspump",
      "EZ6vkdi5ZzKTxkCsTjkMDRqA8iG1a64kUtVoh7jjpump",
      "CXWRfG6E3iNgMasAutvctuXXAjme53snu9ZTekvypUmP",
      "HMGGFh9d2g2cm7jJSbCERSomHWSXYizjCr5tJiitpump",
      "5VhdQdrt3TPDt18VLNDswXrNkHeKrTsoaiM9isN2pump"
    ],
    "heliusHistory": [
      "7rzDLFdEnixgtcw3wKhzQwELZFPf4qmBPGu9JKtYbonk",
      "7eENH2rqqVAtXoCwBQ1S4FbXJjxAuqNLpcMxfHC8bonk"
    ]
  }
}
{
  "ts": "2025-08-22T01:39:30.615Z",
  "source": "fastTokenFetcher",
  "data": {
    "heliusEvents": [],
    "dexTop": [
      "7rzDLFdEnixgtcw3wKhzQwELZFPf4qmBPGu9JKtYbonk",
      "0x8De9077B619DcBdA28edda4b8dC16538a59EFb49",
      "0xb5b7F828cAED10DB9582BED424Ff79809CE766cb",
      "7eENH2rqqVAtXoCwBQ1S4FbXJjxAuqNLpcMxfHC8bonk",
      "4beyCd8T3oTY1MMgH19GiCiUhRwH5k4nC9FmX9i8pump",
      "0x50a0c6e812c3f7bac2a005aecb6b44a1c0b49a0b",
      "5LKHMd2rMSRaG9y4iHwSLRtrJ3dCrJ2CytvBeak8pump",
      "FnHMufYxHJY37u1tz7HoVG3L9g8sJkUmAVgnm7YCwVh6",
      "5arEQv5tGJj8UbhnPrc1WL5KMmijCe4FuexCaEXUBAGS",
      "B32hGG9q55tcik9gNBPuoSHTnqFtpKYLpsApFyvCpump",
      "0x2f0464A5DA04B3091A328D89183237ffde47e62d",
      "5B3TUHMjwiU9XHTARWn23BGDxcQ21nuFWEnwhhKSY4nR",
      "Bkn34e6T1ZD5tZiVgTfkQQNGX5kAuLD4fWtST3tZmoon",
      "DLUkPvRQmsEghpkJpsXTHeZbrQJ4RfsoXabZURuipump",
      "8QW2KcH4T7D3JQrBXt9f3n9sRnihgYuXaRMjW7VBpump",
      "2nmowg87Jbo55Uc3yWaeeSZ6DnDBhpoVMiQKMdKfv777",
      "FxFHBsCmCxTgmwQ6Jmk1tAgumTkwMsq6uVZ21ZzDpump",
      "0x1FdcfdEc6fE7A8956bd5b6c4a8C3791aE0A19065",
      "FKP4dgfB2dj5T1rNHk6jHWWjyeDrbQKkF3A3nJJgpump",
      "53oF2Fg2RZcVKNPwzQ5s7eqtF6i7orGWBpNkBAZYTTqD",
      "53Xy4g1RJnGR6saaJRDNoo1rYTGZ3W5U321EDdSa5BGD",
      "QbyvMVcfMqtM5fVFxSrtAyym6wRffV7gtsPDLc2xVAL",
      "8XyXWH7NSKWQovUN7oLQdz9icU4DXsib8c89cJDxAni",
      "Ai1R6Ebx1nCMme1kZ5FM7PonqRijHS9t5eQ7cHpspump",
      "EZ6vkdi5ZzKTxkCsTjkMDRqA8iG1a64kUtVoh7jjpump",
      "CXWRfG6E3iNgMasAutvctuXXAjme53snu9ZTekvypUmP",
      "HMGGFh9d2g2cm7jJSbCERSomHWSXYizjCr5tJiitpump",
      "5VhdQdrt3TPDt18VLNDswXrNkHeKrTsoaiM9isN2pump"
    ],
    "heliusHistory": [
      "4beyCd8T3oTY1MMgH19GiCiUhRwH5k4nC9FmX9i8pump",
      "5LKHMd2rMSRaG9y4iHwSLRtrJ3dCrJ2CytvBeak8pump",
      "FnHMufYxHJY37u1tz7HoVG3L9g8sJkUmAVgnm7YCwVh6",
      "5arEQv5tGJj8UbhnPrc1WL5KMmijCe4FuexCaEXUBAGS",
      "B32hGG9q55tcik9gNBPuoSHTnqFtpKYLpsApFyvCpump",
      "Bkn34e6T1ZD5tZiVgTfkQQNGX5kAuLD4fWtST3tZmoon"
    ]
  }
}
{
  "ts": "2025-08-22T01:39:31.307Z",
  "source": "fastTokenFetcher",
  "data": {
    "heliusEvents": [],
    "dexTop": [
      "7rzDLFdEnixgtcw3wKhzQwELZFPf4qmBPGu9JKtYbonk",
      "0x8De9077B619DcBdA28edda4b8dC16538a59EFb49",
      "0xb5b7F828cAED10DB9582BED424Ff79809CE766cb",
      "7eENH2rqqVAtXoCwBQ1S4FbXJjxAuqNLpcMxfHC8bonk",
      "4beyCd8T3oTY1MMgH19GiCiUhRwH5k4nC9FmX9i8pump",
      "0x50a0c6e812c3f7bac2a005aecb6b44a1c0b49a0b",
      "5LKHMd2rMSRaG9y4iHwSLRtrJ3dCrJ2CytvBeak8pump",
      "FnHMufYxHJY37u1tz7HoVG3L9g8sJkUmAVgnm7YCwVh6",
      "5arEQv5tGJj8UbhnPrc1WL5KMmijCe4FuexCaEXUBAGS",
      "B32hGG9q55tcik9gNBPuoSHTnqFtpKYLpsApFyvCpump",
      "0x2f0464A5DA04B3091A328D89183237ffde47e62d",
      "5B3TUHMjwiU9XHTARWn23BGDxcQ21nuFWEnwhhKSY4nR",
      "Bkn34e6T1ZD5tZiVgTfkQQNGX5kAuLD4fWtST3tZmoon",
      "DLUkPvRQmsEghpkJpsXTHeZbrQJ4RfsoXabZURuipump",
      "8QW2KcH4T7D3JQrBXt9f3n9sRnihgYuXaRMjW7VBpump",
      "2nmowg87Jbo55Uc3yWaeeSZ6DnDBhpoVMiQKMdKfv777",
      "FxFHBsCmCxTgmwQ6Jmk1tAgumTkwMsq6uVZ21ZzDpump",
      "0x1FdcfdEc6fE7A8956bd5b6c4a8C3791aE0A19065",
      "FKP4dgfB2dj5T1rNHk6jHWWjyeDrbQKkF3A3nJJgpump",
      "53oF2Fg2RZcVKNPwzQ5s7eqtF6i7orGWBpNkBAZYTTqD",
      "53Xy4g1RJnGR6saaJRDNoo1rYTGZ3W5U321EDdSa5BGD",
      "QbyvMVcfMqtM5fVFxSrtAyym6wRffV7gtsPDLc2xVAL",
      "8XyXWH7NSKWQovUN7oLQdz9icU4DXsib8c89cJDxAni",
      "Ai1R6Ebx1nCMme1kZ5FM7PonqRijHS9t5eQ7cHpspump",
      "EZ6vkdi5ZzKTxkCsTjkMDRqA8iG1a64kUtVoh7jjpump",
      "CXWRfG6E3iNgMasAutvctuXXAjme53snu9ZTekvypUmP",
      "HMGGFh9d2g2cm7jJSbCERSomHWSXYizjCr5tJiitpump",
      "5VhdQdrt3TPDt18VLNDswXrNkHeKrTsoaiM9isN2pump"
    ],
    "heliusHistory": [
      "7eENH2rqqVAtXoCwBQ1S4FbXJjxAuqNLpcMxfHC8bonk",
      "4beyCd8T3oTY1MMgH19GiCiUhRwH5k4nC9FmX9i8pump",
      "FnHMufYxHJY37u1tz7HoVG3L9g8sJkUmAVgnm7YCwVh6",
      "5arEQv5tGJj8UbhnPrc1WL5KMmijCe4FuexCaEXUBAGS",
      "B32hGG9q55tcik9gNBPuoSHTnqFtpKYLpsApFyvCpump",
      "5B3TUHMjwiU9XHTARWn23BGDxcQ21nuFWEnwhhKSY4nR",
      "Bkn34e6T1ZD5tZiVgTfkQQNGX5kAuLD4fWtST3tZmoon"
    ]
  }
}
{
  "ts": "2025-08-22T01:40:08.932Z",
  "source": "fastTokenFetcher",
  "data": {
    "heliusEvents": [],
    "dexTop": [
      "7rzDLFdEnixgtcw3wKhzQwELZFPf4qmBPGu9JKtYbonk",
      "0x8De9077B619DcBdA28edda4b8dC16538a59EFb49",
      "0xb5b7F828cAED10DB9582BED424Ff79809CE766cb",
      "7eENH2rqqVAtXoCwBQ1S4FbXJjxAuqNLpcMxfHC8bonk",
      "4beyCd8T3oTY1MMgH19GiCiUhRwH5k4nC9FmX9i8pump",
      "0x50a0c6e812c3f7bac2a005aecb6b44a1c0b49a0b",
      "5LKHMd2rMSRaG9y4iHwSLRtrJ3dCrJ2CytvBeak8pump",
      "FnHMufYxHJY37u1tz7HoVG3L9g8sJkUmAVgnm7YCwVh6",
      "5arEQv5tGJj8UbhnPrc1WL5KMmijCe4FuexCaEXUBAGS",
      "B32hGG9q55tcik9gNBPuoSHTnqFtpKYLpsApFyvCpump",
      "0x2f0464A5DA04B3091A328D89183237ffde47e62d",
      "5B3TUHMjwiU9XHTARWn23BGDxcQ21nuFWEnwhhKSY4nR",
      "Bkn34e6T1ZD5tZiVgTfkQQNGX5kAuLD4fWtST3tZmoon",
      "DLUkPvRQmsEghpkJpsXTHeZbrQJ4RfsoXabZURuipump",
      "8QW2KcH4T7D3JQrBXt9f3n9sRnihgYuXaRMjW7VBpump",
      "2nmowg87Jbo55Uc3yWaeeSZ6DnDBhpoVMiQKMdKfv777",
      "FxFHBsCmCxTgmwQ6Jmk1tAgumTkwMsq6uVZ21ZzDpump",
      "0x1FdcfdEc6fE7A8956bd5b6c4a8C3791aE0A19065",
      "FKP4dgfB2dj5T1rNHk6jHWWjyeDrbQKkF3A3nJJgpump",
      "53oF2Fg2RZcVKNPwzQ5s7eqtF6i7orGWBpNkBAZYTTqD",
      "53Xy4g1RJnGR6saaJRDNoo1rYTGZ3W5U321EDdSa5BGD",
      "QbyvMVcfMqtM5fVFxSrtAyym6wRffV7gtsPDLc2xVAL",
      "8XyXWH7NSKWQovUN7oLQdz9icU4DXsib8c89cJDxAni",
      "Ai1R6Ebx1nCMme1kZ5FM7PonqRijHS9t5eQ7cHpspump",
      "EZ6vkdi5ZzKTxkCsTjkMDRqA8iG1a64kUtVoh7jjpump",
      "CXWRfG6E3iNgMasAutvctuXXAjme53snu9ZTekvypUmP",
      "HMGGFh9d2g2cm7jJSbCERSomHWSXYizjCr5tJiitpump",
      "5VhdQdrt3TPDt18VLNDswXrNkHeKrTsoaiM9isN2pump"
    ],
    "heliusHistory": [
      "7eENH2rqqVAtXoCwBQ1S4FbXJjxAuqNLpcMxfHC8bonk",
      "4beyCd8T3oTY1MMgH19GiCiUhRwH5k4nC9FmX9i8pump",
      "5LKHMd2rMSRaG9y4iHwSLRtrJ3dCrJ2CytvBeak8pump",
      "FnHMufYxHJY37u1tz7HoVG3L9g8sJkUmAVgnm7YCwVh6",
      "5arEQv5tGJj8UbhnPrc1WL5KMmijCe4FuexCaEXUBAGS",
      "5B3TUHMjwiU9XHTARWn23BGDxcQ21nuFWEnwhhKSY4nR",
      "Bkn34e6T1ZD5tZiVgTfkQQNGX5kAuLD4fWtST3tZmoon"
    ]
  }
}
{
  "ts": "2025-08-22T01:40:09.385Z",
  "source": "fastTokenFetcher",
  "data": {
    "heliusEvents": [],
    "dexTop": [
      "7rzDLFdEnixgtcw3wKhzQwELZFPf4qmBPGu9JKtYbonk",
      "0x8De9077B619DcBdA28edda4b8dC16538a59EFb49",
      "0xb5b7F828cAED10DB9582BED424Ff79809CE766cb",
      "7eENH2rqqVAtXoCwBQ1S4FbXJjxAuqNLpcMxfHC8bonk",
      "4beyCd8T3oTY1MMgH19GiCiUhRwH5k4nC9FmX9i8pump",
      "0x50a0c6e812c3f7bac2a005aecb6b44a1c0b49a0b",
      "5LKHMd2rMSRaG9y4iHwSLRtrJ3dCrJ2CytvBeak8pump",
      "FnHMufYxHJY37u1tz7HoVG3L9g8sJkUmAVgnm7YCwVh6",
      "5arEQv5tGJj8UbhnPrc1WL5KMmijCe4FuexCaEXUBAGS",
      "B32hGG9q55tcik9gNBPuoSHTnqFtpKYLpsApFyvCpump",
      "0x2f0464A5DA04B3091A328D89183237ffde47e62d",
      "5B3TUHMjwiU9XHTARWn23BGDxcQ21nuFWEnwhhKSY4nR",
      "Bkn34e6T1ZD5tZiVgTfkQQNGX5kAuLD4fWtST3tZmoon",
      "DLUkPvRQmsEghpkJpsXTHeZbrQJ4RfsoXabZURuipump",
      "8QW2KcH4T7D3JQrBXt9f3n9sRnihgYuXaRMjW7VBpump",
      "2nmowg87Jbo55Uc3yWaeeSZ6DnDBhpoVMiQKMdKfv777",
      "FxFHBsCmCxTgmwQ6Jmk1tAgumTkwMsq6uVZ21ZzDpump",
      "0x1FdcfdEc6fE7A8956bd5b6c4a8C3791aE0A19065",
      "FKP4dgfB2dj5T1rNHk6jHWWjyeDrbQKkF3A3nJJgpump",
      "53oF2Fg2RZcVKNPwzQ5s7eqtF6i7orGWBpNkBAZYTTqD",
      "53Xy4g1RJnGR6saaJRDNoo1rYTGZ3W5U321EDdSa5BGD",
      "QbyvMVcfMqtM5fVFxSrtAyym6wRffV7gtsPDLc2xVAL",
      "8XyXWH7NSKWQovUN7oLQdz9icU4DXsib8c89cJDxAni",
      "Ai1R6Ebx1nCMme1kZ5FM7PonqRijHS9t5eQ7cHpspump",
      "EZ6vkdi5ZzKTxkCsTjkMDRqA8iG1a64kUtVoh7jjpump",
      "CXWRfG6E3iNgMasAutvctuXXAjme53snu9ZTekvypUmP",
      "HMGGFh9d2g2cm7jJSbCERSomHWSXYizjCr5tJiitpump",
      "5VhdQdrt3TPDt18VLNDswXrNkHeKrTsoaiM9isN2pump"
    ],
    "heliusHistory": [
      "7rzDLFdEnixgtcw3wKhzQwELZFPf4qmBPGu9JKtYbonk",
      "5LKHMd2rMSRaG9y4iHwSLRtrJ3dCrJ2CytvBeak8pump",
      "FnHMufYxHJY37u1tz7HoVG3L9g8sJkUmAVgnm7YCwVh6",
      "B32hGG9q55tcik9gNBPuoSHTnqFtpKYLpsApFyvCpump",
      "5B3TUHMjwiU9XHTARWn23BGDxcQ21nuFWEnwhhKSY4nR",
      "DLUkPvRQmsEghpkJpsXTHeZbrQJ4RfsoXabZURuipump",
      "8QW2KcH4T7D3JQrBXt9f3n9sRnihgYuXaRMjW7VBpump",
      "2nmowg87Jbo55Uc3yWaeeSZ6DnDBhpoVMiQKMdKfv777",
      "FxFHBsCmCxTgmwQ6Jmk1tAgumTkwMsq6uVZ21ZzDpump",
      "53oF2Fg2RZcVKNPwzQ5s7eqtF6i7orGWBpNkBAZYTTqD",
      "53Xy4g1RJnGR6saaJRDNoo1rYTGZ3W5U321EDdSa5BGD",
      "QbyvMVcfMqtM5fVFxSrtAyym6wRffV7gtsPDLc2xVAL",
      "8XyXWH7NSKWQovUN7oLQdz9icU4DXsib8c89cJDxAni",
      "Ai1R6Ebx1nCMme1kZ5FM7PonqRijHS9t5eQ7cHpspump",
      "EZ6vkdi5ZzKTxkCsTjkMDRqA8iG1a64kUtVoh7jjpump",
      "HMGGFh9d2g2cm7jJSbCERSomHWSXYizjCr5tJiitpump"
    ]
  }
}
{
  "ts": "2025-08-22T01:40:10.189Z",
  "source": "fastTokenFetcher",
  "data": {
    "heliusEvents": [],
    "dexTop": [
      "7rzDLFdEnixgtcw3wKhzQwELZFPf4qmBPGu9JKtYbonk",
      "0x8De9077B619DcBdA28edda4b8dC16538a59EFb49",
      "0xb5b7F828cAED10DB9582BED424Ff79809CE766cb",
      "7eENH2rqqVAtXoCwBQ1S4FbXJjxAuqNLpcMxfHC8bonk",
      "4beyCd8T3oTY1MMgH19GiCiUhRwH5k4nC9FmX9i8pump",
      "0x50a0c6e812c3f7bac2a005aecb6b44a1c0b49a0b",
      "5LKHMd2rMSRaG9y4iHwSLRtrJ3dCrJ2CytvBeak8pump",
      "FnHMufYxHJY37u1tz7HoVG3L9g8sJkUmAVgnm7YCwVh6",
      "5arEQv5tGJj8UbhnPrc1WL5KMmijCe4FuexCaEXUBAGS",
      "B32hGG9q55tcik9gNBPuoSHTnqFtpKYLpsApFyvCpump",
      "0x2f0464A5DA04B3091A328D89183237ffde47e62d",
      "5B3TUHMjwiU9XHTARWn23BGDxcQ21nuFWEnwhhKSY4nR",
      "Bkn34e6T1ZD5tZiVgTfkQQNGX5kAuLD4fWtST3tZmoon",
      "DLUkPvRQmsEghpkJpsXTHeZbrQJ4RfsoXabZURuipump",
      "8QW2KcH4T7D3JQrBXt9f3n9sRnihgYuXaRMjW7VBpump",
      "2nmowg87Jbo55Uc3yWaeeSZ6DnDBhpoVMiQKMdKfv777",
      "FxFHBsCmCxTgmwQ6Jmk1tAgumTkwMsq6uVZ21ZzDpump",
      "0x1FdcfdEc6fE7A8956bd5b6c4a8C3791aE0A19065",
      "FKP4dgfB2dj5T1rNHk6jHWWjyeDrbQKkF3A3nJJgpump",
      "53oF2Fg2RZcVKNPwzQ5s7eqtF6i7orGWBpNkBAZYTTqD",
      "53Xy4g1RJnGR6saaJRDNoo1rYTGZ3W5U321EDdSa5BGD",
      "QbyvMVcfMqtM5fVFxSrtAyym6wRffV7gtsPDLc2xVAL",
      "8XyXWH7NSKWQovUN7oLQdz9icU4DXsib8c89cJDxAni",
      "Ai1R6Ebx1nCMme1kZ5FM7PonqRijHS9t5eQ7cHpspump",
      "EZ6vkdi5ZzKTxkCsTjkMDRqA8iG1a64kUtVoh7jjpump",
      "CXWRfG6E3iNgMasAutvctuXXAjme53snu9ZTekvypUmP",
      "HMGGFh9d2g2cm7jJSbCERSomHWSXYizjCr5tJiitpump",
      "5VhdQdrt3TPDt18VLNDswXrNkHeKrTsoaiM9isN2pump"
    ],
    "heliusHistory": []
  }
}
{
  "ts": "2025-08-22T01:40:50.245Z",
  "source": "fastTokenFetcher",
  "data": {
    "heliusEvents": [],
    "dexTop": [
      "7rzDLFdEnixgtcw3wKhzQwELZFPf4qmBPGu9JKtYbonk",
      "0x8De9077B619DcBdA28edda4b8dC16538a59EFb49",
      "0xb5b7F828cAED10DB9582BED424Ff79809CE766cb",
      "7eENH2rqqVAtXoCwBQ1S4FbXJjxAuqNLpcMxfHC8bonk",
      "4beyCd8T3oTY1MMgH19GiCiUhRwH5k4nC9FmX9i8pump",
      "0x50a0c6e812c3f7bac2a005aecb6b44a1c0b49a0b",
      "5LKHMd2rMSRaG9y4iHwSLRtrJ3dCrJ2CytvBeak8pump",
      "FnHMufYxHJY37u1tz7HoVG3L9g8sJkUmAVgnm7YCwVh6",
      "5arEQv5tGJj8UbhnPrc1WL5KMmijCe4FuexCaEXUBAGS",
      "B32hGG9q55tcik9gNBPuoSHTnqFtpKYLpsApFyvCpump",
      "0x2f0464A5DA04B3091A328D89183237ffde47e62d",
      "5B3TUHMjwiU9XHTARWn23BGDxcQ21nuFWEnwhhKSY4nR",
      "Bkn34e6T1ZD5tZiVgTfkQQNGX5kAuLD4fWtST3tZmoon",
      "DLUkPvRQmsEghpkJpsXTHeZbrQJ4RfsoXabZURuipump",
      "8QW2KcH4T7D3JQrBXt9f3n9sRnihgYuXaRMjW7VBpump",
      "2nmowg87Jbo55Uc3yWaeeSZ6DnDBhpoVMiQKMdKfv777",
      "FxFHBsCmCxTgmwQ6Jmk1tAgumTkwMsq6uVZ21ZzDpump",
      "0x1FdcfdEc6fE7A8956bd5b6c4a8C3791aE0A19065",
      "FKP4dgfB2dj5T1rNHk6jHWWjyeDrbQKkF3A3nJJgpump",
      "53oF2Fg2RZcVKNPwzQ5s7eqtF6i7orGWBpNkBAZYTTqD",
      "53Xy4g1RJnGR6saaJRDNoo1rYTGZ3W5U321EDdSa5BGD",
      "QbyvMVcfMqtM5fVFxSrtAyym6wRffV7gtsPDLc2xVAL",
      "8XyXWH7NSKWQovUN7oLQdz9icU4DXsib8c89cJDxAni",
      "Ai1R6Ebx1nCMme1kZ5FM7PonqRijHS9t5eQ7cHpspump",
      "EZ6vkdi5ZzKTxkCsTjkMDRqA8iG1a64kUtVoh7jjpump",
      "CXWRfG6E3iNgMasAutvctuXXAjme53snu9ZTekvypUmP",
      "HMGGFh9d2g2cm7jJSbCERSomHWSXYizjCr5tJiitpump",
      "5VhdQdrt3TPDt18VLNDswXrNkHeKrTsoaiM9isN2pump"
    ],
    "heliusHistory": [
      "7eENH2rqqVAtXoCwBQ1S4FbXJjxAuqNLpcMxfHC8bonk",
      "4beyCd8T3oTY1MMgH19GiCiUhRwH5k4nC9FmX9i8pump",
      "5LKHMd2rMSRaG9y4iHwSLRtrJ3dCrJ2CytvBeak8pump",
      "FnHMufYxHJY37u1tz7HoVG3L9g8sJkUmAVgnm7YCwVh6",
      "5arEQv5tGJj8UbhnPrc1WL5KMmijCe4FuexCaEXUBAGS",
      "B32hGG9q55tcik9gNBPuoSHTnqFtpKYLpsApFyvCpump",
      "5B3TUHMjwiU9XHTARWn23BGDxcQ21nuFWEnwhhKSY4nR",
      "DLUkPvRQmsEghpkJpsXTHeZbrQJ4RfsoXabZURuipump",
      "8QW2KcH4T7D3JQrBXt9f3n9sRnihgYuXaRMjW7VBpump",
      "2nmowg87Jbo55Uc3yWaeeSZ6DnDBhpoVMiQKMdKfv777",
      "FxFHBsCmCxTgmwQ6Jmk1tAgumTkwMsq6uVZ21ZzDpump",
      "FKP4dgfB2dj5T1rNHk6jHWWjyeDrbQKkF3A3nJJgpump",
      "53Xy4g1RJnGR6saaJRDNoo1rYTGZ3W5U321EDdSa5BGD",
      "QbyvMVcfMqtM5fVFxSrtAyym6wRffV7gtsPDLc2xVAL",
      "8XyXWH7NSKWQovUN7oLQdz9icU4DXsib8c89cJDxAni",
      "Ai1R6Ebx1nCMme1kZ5FM7PonqRijHS9t5eQ7cHpspump"
    ]
  }
}
{
  "ts": "2025-08-22T01:40:52.623Z",
  "source": "fastTokenFetcher",
  "data": {
    "heliusEvents": [],
    "dexTop": [
      "7rzDLFdEnixgtcw3wKhzQwELZFPf4qmBPGu9JKtYbonk",
      "0x8De9077B619DcBdA28edda4b8dC16538a59EFb49",
      "0xb5b7F828cAED10DB9582BED424Ff79809CE766cb",
      "7eENH2rqqVAtXoCwBQ1S4FbXJjxAuqNLpcMxfHC8bonk",
      "4beyCd8T3oTY1MMgH19GiCiUhRwH5k4nC9FmX9i8pump",
      "0x50a0c6e812c3f7bac2a005aecb6b44a1c0b49a0b",
      "5LKHMd2rMSRaG9y4iHwSLRtrJ3dCrJ2CytvBeak8pump",
      "FnHMufYxHJY37u1tz7HoVG3L9g8sJkUmAVgnm7YCwVh6",
      "5arEQv5tGJj8UbhnPrc1WL5KMmijCe4FuexCaEXUBAGS",
      "B32hGG9q55tcik9gNBPuoSHTnqFtpKYLpsApFyvCpump",
      "0x2f0464A5DA04B3091A328D89183237ffde47e62d",
      "5B3TUHMjwiU9XHTARWn23BGDxcQ21nuFWEnwhhKSY4nR",
      "Bkn34e6T1ZD5tZiVgTfkQQNGX5kAuLD4fWtST3tZmoon",
      "DLUkPvRQmsEghpkJpsXTHeZbrQJ4RfsoXabZURuipump",
      "8QW2KcH4T7D3JQrBXt9f3n9sRnihgYuXaRMjW7VBpump",
      "2nmowg87Jbo55Uc3yWaeeSZ6DnDBhpoVMiQKMdKfv777",
      "FxFHBsCmCxTgmwQ6Jmk1tAgumTkwMsq6uVZ21ZzDpump",
      "0x1FdcfdEc6fE7A8956bd5b6c4a8C3791aE0A19065",
      "FKP4dgfB2dj5T1rNHk6jHWWjyeDrbQKkF3A3nJJgpump",
      "53oF2Fg2RZcVKNPwzQ5s7eqtF6i7orGWBpNkBAZYTTqD",
      "53Xy4g1RJnGR6saaJRDNoo1rYTGZ3W5U321EDdSa5BGD",
      "QbyvMVcfMqtM5fVFxSrtAyym6wRffV7gtsPDLc2xVAL",
      "8XyXWH7NSKWQovUN7oLQdz9icU4DXsib8c89cJDxAni",
      "Ai1R6Ebx1nCMme1kZ5FM7PonqRijHS9t5eQ7cHpspump",
      "EZ6vkdi5ZzKTxkCsTjkMDRqA8iG1a64kUtVoh7jjpump",
      "CXWRfG6E3iNgMasAutvctuXXAjme53snu9ZTekvypUmP",
      "HMGGFh9d2g2cm7jJSbCERSomHWSXYizjCr5tJiitpump",
      "5VhdQdrt3TPDt18VLNDswXrNkHeKrTsoaiM9isN2pump"
    ],
    "heliusHistory": [
      "7eENH2rqqVAtXoCwBQ1S4FbXJjxAuqNLpcMxfHC8bonk",
      "4beyCd8T3oTY1MMgH19GiCiUhRwH5k4nC9FmX9i8pump",
      "5LKHMd2rMSRaG9y4iHwSLRtrJ3dCrJ2CytvBeak8pump",
      "FnHMufYxHJY37u1tz7HoVG3L9g8sJkUmAVgnm7YCwVh6",
      "5arEQv5tGJj8UbhnPrc1WL5KMmijCe4FuexCaEXUBAGS",
      "B32hGG9q55tcik9gNBPuoSHTnqFtpKYLpsApFyvCpump",
      "5B3TUHMjwiU9XHTARWn23BGDxcQ21nuFWEnwhhKSY4nR",
      "Bkn34e6T1ZD5tZiVgTfkQQNGX5kAuLD4fWtST3tZmoon",
      "8QW2KcH4T7D3JQrBXt9f3n9sRnihgYuXaRMjW7VBpump"
    ]
  }
}
{
  "ts": "2025-08-22T01:41:21.618Z",
  "source": "fastTokenFetcher",
  "data": {
    "heliusEvents": [],
    "dexTop": [
      "7rzDLFdEnixgtcw3wKhzQwELZFPf4qmBPGu9JKtYbonk",
      "0x8De9077B619DcBdA28edda4b8dC16538a59EFb49",
      "0xb5b7F828cAED10DB9582BED424Ff79809CE766cb",
      "7eENH2rqqVAtXoCwBQ1S4FbXJjxAuqNLpcMxfHC8bonk",
      "4beyCd8T3oTY1MMgH19GiCiUhRwH5k4nC9FmX9i8pump",
      "0x50a0c6e812c3f7bac2a005aecb6b44a1c0b49a0b",
      "5LKHMd2rMSRaG9y4iHwSLRtrJ3dCrJ2CytvBeak8pump",
      "FnHMufYxHJY37u1tz7HoVG3L9g8sJkUmAVgnm7YCwVh6",
      "5arEQv5tGJj8UbhnPrc1WL5KMmijCe4FuexCaEXUBAGS",
      "B32hGG9q55tcik9gNBPuoSHTnqFtpKYLpsApFyvCpump",
      "0x2f0464A5DA04B3091A328D89183237ffde47e62d",
      "5B3TUHMjwiU9XHTARWn23BGDxcQ21nuFWEnwhhKSY4nR",
      "Bkn34e6T1ZD5tZiVgTfkQQNGX5kAuLD4fWtST3tZmoon",
      "DLUkPvRQmsEghpkJpsXTHeZbrQJ4RfsoXabZURuipump",
      "8QW2KcH4T7D3JQrBXt9f3n9sRnihgYuXaRMjW7VBpump",
      "2nmowg87Jbo55Uc3yWaeeSZ6DnDBhpoVMiQKMdKfv777",
      "FxFHBsCmCxTgmwQ6Jmk1tAgumTkwMsq6uVZ21ZzDpump",
      "0x1FdcfdEc6fE7A8956bd5b6c4a8C3791aE0A19065",
      "FKP4dgfB2dj5T1rNHk6jHWWjyeDrbQKkF3A3nJJgpump",
      "53oF2Fg2RZcVKNPwzQ5s7eqtF6i7orGWBpNkBAZYTTqD",
      "53Xy4g1RJnGR6saaJRDNoo1rYTGZ3W5U321EDdSa5BGD",
      "QbyvMVcfMqtM5fVFxSrtAyym6wRffV7gtsPDLc2xVAL",
      "8XyXWH7NSKWQovUN7oLQdz9icU4DXsib8c89cJDxAni",
      "Ai1R6Ebx1nCMme1kZ5FM7PonqRijHS9t5eQ7cHpspump",
      "EZ6vkdi5ZzKTxkCsTjkMDRqA8iG1a64kUtVoh7jjpump",
      "CXWRfG6E3iNgMasAutvctuXXAjme53snu9ZTekvypUmP",
      "HMGGFh9d2g2cm7jJSbCERSomHWSXYizjCr5tJiitpump",
      "5VhdQdrt3TPDt18VLNDswXrNkHeKrTsoaiM9isN2pump"
    ],
    "heliusHistory": [
      "7eENH2rqqVAtXoCwBQ1S4FbXJjxAuqNLpcMxfHC8bonk",
      "4beyCd8T3oTY1MMgH19GiCiUhRwH5k4nC9FmX9i8pump",
      "FnHMufYxHJY37u1tz7HoVG3L9g8sJkUmAVgnm7YCwVh6"
    ]
  }
}
{
  "ts": "2025-08-22T01:41:22.920Z",
  "source": "fastTokenFetcher",
  "data": {
    "heliusEvents": [],
    "dexTop": [
      "7rzDLFdEnixgtcw3wKhzQwELZFPf4qmBPGu9JKtYbonk",
      "0x8De9077B619DcBdA28edda4b8dC16538a59EFb49",
      "0xb5b7F828cAED10DB9582BED424Ff79809CE766cb",
      "7eENH2rqqVAtXoCwBQ1S4FbXJjxAuqNLpcMxfHC8bonk",
      "4beyCd8T3oTY1MMgH19GiCiUhRwH5k4nC9FmX9i8pump",
      "0x50a0c6e812c3f7bac2a005aecb6b44a1c0b49a0b",
      "5LKHMd2rMSRaG9y4iHwSLRtrJ3dCrJ2CytvBeak8pump",
      "FnHMufYxHJY37u1tz7HoVG3L9g8sJkUmAVgnm7YCwVh6",
      "5arEQv5tGJj8UbhnPrc1WL5KMmijCe4FuexCaEXUBAGS",
      "B32hGG9q55tcik9gNBPuoSHTnqFtpKYLpsApFyvCpump",
      "0x2f0464A5DA04B3091A328D89183237ffde47e62d",
      "5B3TUHMjwiU9XHTARWn23BGDxcQ21nuFWEnwhhKSY4nR",
      "Bkn34e6T1ZD5tZiVgTfkQQNGX5kAuLD4fWtST3tZmoon",
      "DLUkPvRQmsEghpkJpsXTHeZbrQJ4RfsoXabZURuipump",
      "8QW2KcH4T7D3JQrBXt9f3n9sRnihgYuXaRMjW7VBpump",
      "2nmowg87Jbo55Uc3yWaeeSZ6DnDBhpoVMiQKMdKfv777",
      "FxFHBsCmCxTgmwQ6Jmk1tAgumTkwMsq6uVZ21ZzDpump",
      "0x1FdcfdEc6fE7A8956bd5b6c4a8C3791aE0A19065",
      "FKP4dgfB2dj5T1rNHk6jHWWjyeDrbQKkF3A3nJJgpump",
      "53oF2Fg2RZcVKNPwzQ5s7eqtF6i7orGWBpNkBAZYTTqD",
      "53Xy4g1RJnGR6saaJRDNoo1rYTGZ3W5U321EDdSa5BGD",
      "QbyvMVcfMqtM5fVFxSrtAyym6wRffV7gtsPDLc2xVAL",
      "8XyXWH7NSKWQovUN7oLQdz9icU4DXsib8c89cJDxAni",
      "Ai1R6Ebx1nCMme1kZ5FM7PonqRijHS9t5eQ7cHpspump",
      "EZ6vkdi5ZzKTxkCsTjkMDRqA8iG1a64kUtVoh7jjpump",
      "CXWRfG6E3iNgMasAutvctuXXAjme53snu9ZTekvypUmP",
      "HMGGFh9d2g2cm7jJSbCERSomHWSXYizjCr5tJiitpump",
      "5VhdQdrt3TPDt18VLNDswXrNkHeKrTsoaiM9isN2pump"
    ],
    "heliusHistory": [
      "7rzDLFdEnixgtcw3wKhzQwELZFPf4qmBPGu9JKtYbonk",
      "7eENH2rqqVAtXoCwBQ1S4FbXJjxAuqNLpcMxfHC8bonk",
      "4beyCd8T3oTY1MMgH19GiCiUhRwH5k4nC9FmX9i8pump",
      "5LKHMd2rMSRaG9y4iHwSLRtrJ3dCrJ2CytvBeak8pump",
      "FnHMufYxHJY37u1tz7HoVG3L9g8sJkUmAVgnm7YCwVh6",
      "5arEQv5tGJj8UbhnPrc1WL5KMmijCe4FuexCaEXUBAGS",
      "8QW2KcH4T7D3JQrBXt9f3n9sRnihgYuXaRMjW7VBpump",
      "2nmowg87Jbo55Uc3yWaeeSZ6DnDBhpoVMiQKMdKfv777",
      "FxFHBsCmCxTgmwQ6Jmk1tAgumTkwMsq6uVZ21ZzDpump",
      "FKP4dgfB2dj5T1rNHk6jHWWjyeDrbQKkF3A3nJJgpump",
      "53Xy4g1RJnGR6saaJRDNoo1rYTGZ3W5U321EDdSa5BGD",
      "QbyvMVcfMqtM5fVFxSrtAyym6wRffV7gtsPDLc2xVAL",
      "8XyXWH7NSKWQovUN7oLQdz9icU4DXsib8c89cJDxAni",
      "Ai1R6Ebx1nCMme1kZ5FM7PonqRijHS9t5eQ7cHpspump",
      "EZ6vkdi5ZzKTxkCsTjkMDRqA8iG1a64kUtVoh7jjpump"
    ]
  }
}
{
  "ts": "2025-08-22T01:41:26.669Z",
  "source": "fastTokenFetcher",
  "data": {
    "heliusEvents": [],
    "dexTop": [
      "7rzDLFdEnixgtcw3wKhzQwELZFPf4qmBPGu9JKtYbonk",
      "0x8De9077B619DcBdA28edda4b8dC16538a59EFb49",
      "0xb5b7F828cAED10DB9582BED424Ff79809CE766cb",
      "7eENH2rqqVAtXoCwBQ1S4FbXJjxAuqNLpcMxfHC8bonk",
      "4beyCd8T3oTY1MMgH19GiCiUhRwH5k4nC9FmX9i8pump",
      "0x50a0c6e812c3f7bac2a005aecb6b44a1c0b49a0b",
      "5LKHMd2rMSRaG9y4iHwSLRtrJ3dCrJ2CytvBeak8pump",
      "FnHMufYxHJY37u1tz7HoVG3L9g8sJkUmAVgnm7YCwVh6",
      "5arEQv5tGJj8UbhnPrc1WL5KMmijCe4FuexCaEXUBAGS",
      "B32hGG9q55tcik9gNBPuoSHTnqFtpKYLpsApFyvCpump",
      "0x2f0464A5DA04B3091A328D89183237ffde47e62d",
      "5B3TUHMjwiU9XHTARWn23BGDxcQ21nuFWEnwhhKSY4nR",
      "Bkn34e6T1ZD5tZiVgTfkQQNGX5kAuLD4fWtST3tZmoon",
      "DLUkPvRQmsEghpkJpsXTHeZbrQJ4RfsoXabZURuipump",
      "8QW2KcH4T7D3JQrBXt9f3n9sRnihgYuXaRMjW7VBpump",
      "2nmowg87Jbo55Uc3yWaeeSZ6DnDBhpoVMiQKMdKfv777",
      "FxFHBsCmCxTgmwQ6Jmk1tAgumTkwMsq6uVZ21ZzDpump",
      "0x1FdcfdEc6fE7A8956bd5b6c4a8C3791aE0A19065",
      "FKP4dgfB2dj5T1rNHk6jHWWjyeDrbQKkF3A3nJJgpump",
      "53oF2Fg2RZcVKNPwzQ5s7eqtF6i7orGWBpNkBAZYTTqD",
      "53Xy4g1RJnGR6saaJRDNoo1rYTGZ3W5U321EDdSa5BGD",
      "QbyvMVcfMqtM5fVFxSrtAyym6wRffV7gtsPDLc2xVAL",
      "8XyXWH7NSKWQovUN7oLQdz9icU4DXsib8c89cJDxAni",
      "Ai1R6Ebx1nCMme1kZ5FM7PonqRijHS9t5eQ7cHpspump",
      "EZ6vkdi5ZzKTxkCsTjkMDRqA8iG1a64kUtVoh7jjpump",
      "CXWRfG6E3iNgMasAutvctuXXAjme53snu9ZTekvypUmP",
      "HMGGFh9d2g2cm7jJSbCERSomHWSXYizjCr5tJiitpump",
      "5VhdQdrt3TPDt18VLNDswXrNkHeKrTsoaiM9isN2pump"
    ],
    "heliusHistory": [
      "7eENH2rqqVAtXoCwBQ1S4FbXJjxAuqNLpcMxfHC8bonk"
    ]
  }
}
{
  "ts": "2025-08-22T01:42:06.205Z",
  "source": "fastTokenFetcher",
  "data": {
    "heliusEvents": [],
    "dexTop": [
      "7rzDLFdEnixgtcw3wKhzQwELZFPf4qmBPGu9JKtYbonk",
      "0x8De9077B619DcBdA28edda4b8dC16538a59EFb49",
      "0xb5b7F828cAED10DB9582BED424Ff79809CE766cb",
      "7eENH2rqqVAtXoCwBQ1S4FbXJjxAuqNLpcMxfHC8bonk",
      "4beyCd8T3oTY1MMgH19GiCiUhRwH5k4nC9FmX9i8pump",
      "0x50a0c6e812c3f7bac2a005aecb6b44a1c0b49a0b",
      "5LKHMd2rMSRaG9y4iHwSLRtrJ3dCrJ2CytvBeak8pump",
      "FnHMufYxHJY37u1tz7HoVG3L9g8sJkUmAVgnm7YCwVh6",
      "5arEQv5tGJj8UbhnPrc1WL5KMmijCe4FuexCaEXUBAGS",
      "B32hGG9q55tcik9gNBPuoSHTnqFtpKYLpsApFyvCpump",
      "0x2f0464A5DA04B3091A328D89183237ffde47e62d",
      "5B3TUHMjwiU9XHTARWn23BGDxcQ21nuFWEnwhhKSY4nR",
      "Bkn34e6T1ZD5tZiVgTfkQQNGX5kAuLD4fWtST3tZmoon",
      "DLUkPvRQmsEghpkJpsXTHeZbrQJ4RfsoXabZURuipump",
      "8QW2KcH4T7D3JQrBXt9f3n9sRnihgYuXaRMjW7VBpump",
      "2nmowg87Jbo55Uc3yWaeeSZ6DnDBhpoVMiQKMdKfv777",
      "FxFHBsCmCxTgmwQ6Jmk1tAgumTkwMsq6uVZ21ZzDpump",
      "0x1FdcfdEc6fE7A8956bd5b6c4a8C3791aE0A19065",
      "FKP4dgfB2dj5T1rNHk6jHWWjyeDrbQKkF3A3nJJgpump",
      "53oF2Fg2RZcVKNPwzQ5s7eqtF6i7orGWBpNkBAZYTTqD",
      "53Xy4g1RJnGR6saaJRDNoo1rYTGZ3W5U321EDdSa5BGD",
      "QbyvMVcfMqtM5fVFxSrtAyym6wRffV7gtsPDLc2xVAL",
      "8XyXWH7NSKWQovUN7oLQdz9icU4DXsib8c89cJDxAni",
      "Ai1R6Ebx1nCMme1kZ5FM7PonqRijHS9t5eQ7cHpspump",
      "EZ6vkdi5ZzKTxkCsTjkMDRqA8iG1a64kUtVoh7jjpump",
      "CXWRfG6E3iNgMasAutvctuXXAjme53snu9ZTekvypUmP",
      "HMGGFh9d2g2cm7jJSbCERSomHWSXYizjCr5tJiitpump",
      "5VhdQdrt3TPDt18VLNDswXrNkHeKrTsoaiM9isN2pump"
    ],
    "heliusHistory": [
      "7rzDLFdEnixgtcw3wKhzQwELZFPf4qmBPGu9JKtYbonk",
      "7eENH2rqqVAtXoCwBQ1S4FbXJjxAuqNLpcMxfHC8bonk",
      "4beyCd8T3oTY1MMgH19GiCiUhRwH5k4nC9FmX9i8pump",
      "5LKHMd2rMSRaG9y4iHwSLRtrJ3dCrJ2CytvBeak8pump",
      "FnHMufYxHJY37u1tz7HoVG3L9g8sJkUmAVgnm7YCwVh6",
      "5arEQv5tGJj8UbhnPrc1WL5KMmijCe4FuexCaEXUBAGS",
      "B32hGG9q55tcik9gNBPuoSHTnqFtpKYLpsApFyvCpump",
      "5B3TUHMjwiU9XHTARWn23BGDxcQ21nuFWEnwhhKSY4nR",
      "Bkn34e6T1ZD5tZiVgTfkQQNGX5kAuLD4fWtST3tZmoon",
      "DLUkPvRQmsEghpkJpsXTHeZbrQJ4RfsoXabZURuipump",
      "8QW2KcH4T7D3JQrBXt9f3n9sRnihgYuXaRMjW7VBpump",
      "FxFHBsCmCxTgmwQ6Jmk1tAgumTkwMsq6uVZ21ZzDpump",
      "FKP4dgfB2dj5T1rNHk6jHWWjyeDrbQKkF3A3nJJgpump",
      "53Xy4g1RJnGR6saaJRDNoo1rYTGZ3W5U321EDdSa5BGD",
      "QbyvMVcfMqtM5fVFxSrtAyym6wRffV7gtsPDLc2xVAL",
      "8XyXWH7NSKWQovUN7oLQdz9icU4DXsib8c89cJDxAni",
      "Ai1R6Ebx1nCMme1kZ5FM7PonqRijHS9t5eQ7cHpspump",
      "EZ6vkdi5ZzKTxkCsTjkMDRqA8iG1a64kUtVoh7jjpump",
      "CXWRfG6E3iNgMasAutvctuXXAjme53snu9ZTekvypUmP"
    ]
  }
}
{
  "ts": "2025-08-22T01:42:06.326Z",
  "source": "fastTokenFetcher",
  "data": {
    "heliusEvents": [],
    "dexTop": [
      "7rzDLFdEnixgtcw3wKhzQwELZFPf4qmBPGu9JKtYbonk",
      "0x8De9077B619DcBdA28edda4b8dC16538a59EFb49",
      "0xb5b7F828cAED10DB9582BED424Ff79809CE766cb",
      "7eENH2rqqVAtXoCwBQ1S4FbXJjxAuqNLpcMxfHC8bonk",
      "4beyCd8T3oTY1MMgH19GiCiUhRwH5k4nC9FmX9i8pump",
      "0x50a0c6e812c3f7bac2a005aecb6b44a1c0b49a0b",
      "5LKHMd2rMSRaG9y4iHwSLRtrJ3dCrJ2CytvBeak8pump",
      "FnHMufYxHJY37u1tz7HoVG3L9g8sJkUmAVgnm7YCwVh6",
      "5arEQv5tGJj8UbhnPrc1WL5KMmijCe4FuexCaEXUBAGS",
      "B32hGG9q55tcik9gNBPuoSHTnqFtpKYLpsApFyvCpump",
      "0x2f0464A5DA04B3091A328D89183237ffde47e62d",
      "5B3TUHMjwiU9XHTARWn23BGDxcQ21nuFWEnwhhKSY4nR",
      "Bkn34e6T1ZD5tZiVgTfkQQNGX5kAuLD4fWtST3tZmoon",
      "DLUkPvRQmsEghpkJpsXTHeZbrQJ4RfsoXabZURuipump",
      "8QW2KcH4T7D3JQrBXt9f3n9sRnihgYuXaRMjW7VBpump",
      "2nmowg87Jbo55Uc3yWaeeSZ6DnDBhpoVMiQKMdKfv777",
      "FxFHBsCmCxTgmwQ6Jmk1tAgumTkwMsq6uVZ21ZzDpump",
      "0x1FdcfdEc6fE7A8956bd5b6c4a8C3791aE0A19065",
      "FKP4dgfB2dj5T1rNHk6jHWWjyeDrbQKkF3A3nJJgpump",
      "53oF2Fg2RZcVKNPwzQ5s7eqtF6i7orGWBpNkBAZYTTqD",
      "53Xy4g1RJnGR6saaJRDNoo1rYTGZ3W5U321EDdSa5BGD",
      "QbyvMVcfMqtM5fVFxSrtAyym6wRffV7gtsPDLc2xVAL",
      "8XyXWH7NSKWQovUN7oLQdz9icU4DXsib8c89cJDxAni",
      "Ai1R6Ebx1nCMme1kZ5FM7PonqRijHS9t5eQ7cHpspump",
      "EZ6vkdi5ZzKTxkCsTjkMDRqA8iG1a64kUtVoh7jjpump",
      "CXWRfG6E3iNgMasAutvctuXXAjme53snu9ZTekvypUmP",
      "HMGGFh9d2g2cm7jJSbCERSomHWSXYizjCr5tJiitpump",
      "5VhdQdrt3TPDt18VLNDswXrNkHeKrTsoaiM9isN2pump"
    ],
    "heliusHistory": [
      "7rzDLFdEnixgtcw3wKhzQwELZFPf4qmBPGu9JKtYbonk",
      "7eENH2rqqVAtXoCwBQ1S4FbXJjxAuqNLpcMxfHC8bonk",
      "4beyCd8T3oTY1MMgH19GiCiUhRwH5k4nC9FmX9i8pump",
      "5LKHMd2rMSRaG9y4iHwSLRtrJ3dCrJ2CytvBeak8pump",
      "FnHMufYxHJY37u1tz7HoVG3L9g8sJkUmAVgnm7YCwVh6",
      "B32hGG9q55tcik9gNBPuoSHTnqFtpKYLpsApFyvCpump",
      "5B3TUHMjwiU9XHTARWn23BGDxcQ21nuFWEnwhhKSY4nR"
    ]
  }
}
{
  "ts": "2025-08-22T01:42:35.026Z",
  "source": "fastTokenFetcher",
  "data": {
    "heliusEvents": [],
    "dexTop": [
      "7rzDLFdEnixgtcw3wKhzQwELZFPf4qmBPGu9JKtYbonk",
      "0x8De9077B619DcBdA28edda4b8dC16538a59EFb49",
      "0xb5b7F828cAED10DB9582BED424Ff79809CE766cb",
      "7eENH2rqqVAtXoCwBQ1S4FbXJjxAuqNLpcMxfHC8bonk",
      "4beyCd8T3oTY1MMgH19GiCiUhRwH5k4nC9FmX9i8pump",
      "0x50a0c6e812c3f7bac2a005aecb6b44a1c0b49a0b",
      "5LKHMd2rMSRaG9y4iHwSLRtrJ3dCrJ2CytvBeak8pump",
      "FnHMufYxHJY37u1tz7HoVG3L9g8sJkUmAVgnm7YCwVh6",
      "5arEQv5tGJj8UbhnPrc1WL5KMmijCe4FuexCaEXUBAGS",
      "B32hGG9q55tcik9gNBPuoSHTnqFtpKYLpsApFyvCpump",
      "0x2f0464A5DA04B3091A328D89183237ffde47e62d",
      "5B3TUHMjwiU9XHTARWn23BGDxcQ21nuFWEnwhhKSY4nR",
      "Bkn34e6T1ZD5tZiVgTfkQQNGX5kAuLD4fWtST3tZmoon",
      "DLUkPvRQmsEghpkJpsXTHeZbrQJ4RfsoXabZURuipump",
      "8QW2KcH4T7D3JQrBXt9f3n9sRnihgYuXaRMjW7VBpump",
      "2nmowg87Jbo55Uc3yWaeeSZ6DnDBhpoVMiQKMdKfv777",
      "FxFHBsCmCxTgmwQ6Jmk1tAgumTkwMsq6uVZ21ZzDpump",
      "0x1FdcfdEc6fE7A8956bd5b6c4a8C3791aE0A19065",
      "FKP4dgfB2dj5T1rNHk6jHWWjyeDrbQKkF3A3nJJgpump",
      "53oF2Fg2RZcVKNPwzQ5s7eqtF6i7orGWBpNkBAZYTTqD",
      "53Xy4g1RJnGR6saaJRDNoo1rYTGZ3W5U321EDdSa5BGD",
      "QbyvMVcfMqtM5fVFxSrtAyym6wRffV7gtsPDLc2xVAL",
      "8XyXWH7NSKWQovUN7oLQdz9icU4DXsib8c89cJDxAni",
      "Ai1R6Ebx1nCMme1kZ5FM7PonqRijHS9t5eQ7cHpspump",
      "EZ6vkdi5ZzKTxkCsTjkMDRqA8iG1a64kUtVoh7jjpump",
      "CXWRfG6E3iNgMasAutvctuXXAjme53snu9ZTekvypUmP",
      "HMGGFh9d2g2cm7jJSbCERSomHWSXYizjCr5tJiitpump",
      "5VhdQdrt3TPDt18VLNDswXrNkHeKrTsoaiM9isN2pump"
    ],
    "heliusHistory": [
      "7eENH2rqqVAtXoCwBQ1S4FbXJjxAuqNLpcMxfHC8bonk",
      "4beyCd8T3oTY1MMgH19GiCiUhRwH5k4nC9FmX9i8pump",
      "5LKHMd2rMSRaG9y4iHwSLRtrJ3dCrJ2CytvBeak8pump",
      "FnHMufYxHJY37u1tz7HoVG3L9g8sJkUmAVgnm7YCwVh6",
      "5arEQv5tGJj8UbhnPrc1WL5KMmijCe4FuexCaEXUBAGS",
      "B32hGG9q55tcik9gNBPuoSHTnqFtpKYLpsApFyvCpump",
      "5B3TUHMjwiU9XHTARWn23BGDxcQ21nuFWEnwhhKSY4nR",
      "8QW2KcH4T7D3JQrBXt9f3n9sRnihgYuXaRMjW7VBpump",
      "2nmowg87Jbo55Uc3yWaeeSZ6DnDBhpoVMiQKMdKfv777",
      "FxFHBsCmCxTgmwQ6Jmk1tAgumTkwMsq6uVZ21ZzDpump",
      "FKP4dgfB2dj5T1rNHk6jHWWjyeDrbQKkF3A3nJJgpump",
      "53oF2Fg2RZcVKNPwzQ5s7eqtF6i7orGWBpNkBAZYTTqD",
      "53Xy4g1RJnGR6saaJRDNoo1rYTGZ3W5U321EDdSa5BGD",
      "QbyvMVcfMqtM5fVFxSrtAyym6wRffV7gtsPDLc2xVAL",
      "8XyXWH7NSKWQovUN7oLQdz9icU4DXsib8c89cJDxAni",
      "Ai1R6Ebx1nCMme1kZ5FM7PonqRijHS9t5eQ7cHpspump",
      "EZ6vkdi5ZzKTxkCsTjkMDRqA8iG1a64kUtVoh7jjpump"
    ]
  }
}
{
  "ts": "2025-08-22T01:42:35.986Z",
  "source": "fastTokenFetcher",
  "data": {
    "heliusEvents": [],
    "dexTop": [
      "7rzDLFdEnixgtcw3wKhzQwELZFPf4qmBPGu9JKtYbonk",
      "0x8De9077B619DcBdA28edda4b8dC16538a59EFb49",
      "0xb5b7F828cAED10DB9582BED424Ff79809CE766cb",
      "7eENH2rqqVAtXoCwBQ1S4FbXJjxAuqNLpcMxfHC8bonk",
      "4beyCd8T3oTY1MMgH19GiCiUhRwH5k4nC9FmX9i8pump",
      "0x50a0c6e812c3f7bac2a005aecb6b44a1c0b49a0b",
      "5LKHMd2rMSRaG9y4iHwSLRtrJ3dCrJ2CytvBeak8pump",
      "FnHMufYxHJY37u1tz7HoVG3L9g8sJkUmAVgnm7YCwVh6",
      "5arEQv5tGJj8UbhnPrc1WL5KMmijCe4FuexCaEXUBAGS",
      "B32hGG9q55tcik9gNBPuoSHTnqFtpKYLpsApFyvCpump",
      "0x2f0464A5DA04B3091A328D89183237ffde47e62d",
      "5B3TUHMjwiU9XHTARWn23BGDxcQ21nuFWEnwhhKSY4nR",
      "Bkn34e6T1ZD5tZiVgTfkQQNGX5kAuLD4fWtST3tZmoon",
      "DLUkPvRQmsEghpkJpsXTHeZbrQJ4RfsoXabZURuipump",
      "8QW2KcH4T7D3JQrBXt9f3n9sRnihgYuXaRMjW7VBpump",
      "2nmowg87Jbo55Uc3yWaeeSZ6DnDBhpoVMiQKMdKfv777",
      "FxFHBsCmCxTgmwQ6Jmk1tAgumTkwMsq6uVZ21ZzDpump",
      "0x1FdcfdEc6fE7A8956bd5b6c4a8C3791aE0A19065",
      "FKP4dgfB2dj5T1rNHk6jHWWjyeDrbQKkF3A3nJJgpump",
      "53oF2Fg2RZcVKNPwzQ5s7eqtF6i7orGWBpNkBAZYTTqD",
      "53Xy4g1RJnGR6saaJRDNoo1rYTGZ3W5U321EDdSa5BGD",
      "QbyvMVcfMqtM5fVFxSrtAyym6wRffV7gtsPDLc2xVAL",
      "8XyXWH7NSKWQovUN7oLQdz9icU4DXsib8c89cJDxAni",
      "Ai1R6Ebx1nCMme1kZ5FM7PonqRijHS9t5eQ7cHpspump",
      "EZ6vkdi5ZzKTxkCsTjkMDRqA8iG1a64kUtVoh7jjpump",
      "CXWRfG6E3iNgMasAutvctuXXAjme53snu9ZTekvypUmP",
      "HMGGFh9d2g2cm7jJSbCERSomHWSXYizjCr5tJiitpump",
      "5VhdQdrt3TPDt18VLNDswXrNkHeKrTsoaiM9isN2pump"
    ],
    "heliusHistory": [
      "7eENH2rqqVAtXoCwBQ1S4FbXJjxAuqNLpcMxfHC8bonk",
      "4beyCd8T3oTY1MMgH19GiCiUhRwH5k4nC9FmX9i8pump",
      "5LKHMd2rMSRaG9y4iHwSLRtrJ3dCrJ2CytvBeak8pump",
      "FnHMufYxHJY37u1tz7HoVG3L9g8sJkUmAVgnm7YCwVh6",
      "5arEQv5tGJj8UbhnPrc1WL5KMmijCe4FuexCaEXUBAGS",
      "B32hGG9q55tcik9gNBPuoSHTnqFtpKYLpsApFyvCpump",
      "5B3TUHMjwiU9XHTARWn23BGDxcQ21nuFWEnwhhKSY4nR"
    ]
  }
}
{
  "ts": "2025-08-22T01:43:08.350Z",
  "source": "fastTokenFetcher",
  "data": {
    "heliusEvents": [],
    "dexTop": [
      "7rzDLFdEnixgtcw3wKhzQwELZFPf4qmBPGu9JKtYbonk",
      "0x8De9077B619DcBdA28edda4b8dC16538a59EFb49",
      "0xb5b7F828cAED10DB9582BED424Ff79809CE766cb",
      "7eENH2rqqVAtXoCwBQ1S4FbXJjxAuqNLpcMxfHC8bonk",
      "4beyCd8T3oTY1MMgH19GiCiUhRwH5k4nC9FmX9i8pump",
      "0x50a0c6e812c3f7bac2a005aecb6b44a1c0b49a0b",
      "5LKHMd2rMSRaG9y4iHwSLRtrJ3dCrJ2CytvBeak8pump",
      "FnHMufYxHJY37u1tz7HoVG3L9g8sJkUmAVgnm7YCwVh6",
      "5arEQv5tGJj8UbhnPrc1WL5KMmijCe4FuexCaEXUBAGS",
      "B32hGG9q55tcik9gNBPuoSHTnqFtpKYLpsApFyvCpump",
      "0x2f0464A5DA04B3091A328D89183237ffde47e62d",
      "5B3TUHMjwiU9XHTARWn23BGDxcQ21nuFWEnwhhKSY4nR",
      "Bkn34e6T1ZD5tZiVgTfkQQNGX5kAuLD4fWtST3tZmoon",
      "DLUkPvRQmsEghpkJpsXTHeZbrQJ4RfsoXabZURuipump",
      "8QW2KcH4T7D3JQrBXt9f3n9sRnihgYuXaRMjW7VBpump",
      "2nmowg87Jbo55Uc3yWaeeSZ6DnDBhpoVMiQKMdKfv777",
      "FxFHBsCmCxTgmwQ6Jmk1tAgumTkwMsq6uVZ21ZzDpump",
      "0x1FdcfdEc6fE7A8956bd5b6c4a8C3791aE0A19065",
      "FKP4dgfB2dj5T1rNHk6jHWWjyeDrbQKkF3A3nJJgpump",
      "53oF2Fg2RZcVKNPwzQ5s7eqtF6i7orGWBpNkBAZYTTqD",
      "53Xy4g1RJnGR6saaJRDNoo1rYTGZ3W5U321EDdSa5BGD",
      "QbyvMVcfMqtM5fVFxSrtAyym6wRffV7gtsPDLc2xVAL",
      "8XyXWH7NSKWQovUN7oLQdz9icU4DXsib8c89cJDxAni",
      "Ai1R6Ebx1nCMme1kZ5FM7PonqRijHS9t5eQ7cHpspump",
      "EZ6vkdi5ZzKTxkCsTjkMDRqA8iG1a64kUtVoh7jjpump",
      "CXWRfG6E3iNgMasAutvctuXXAjme53snu9ZTekvypUmP",
      "HMGGFh9d2g2cm7jJSbCERSomHWSXYizjCr5tJiitpump",
      "5VhdQdrt3TPDt18VLNDswXrNkHeKrTsoaiM9isN2pump"
    ],
    "heliusHistory": [
      "7eENH2rqqVAtXoCwBQ1S4FbXJjxAuqNLpcMxfHC8bonk",
      "FnHMufYxHJY37u1tz7HoVG3L9g8sJkUmAVgnm7YCwVh6",
      "5B3TUHMjwiU9XHTARWn23BGDxcQ21nuFWEnwhhKSY4nR",
      "DLUkPvRQmsEghpkJpsXTHeZbrQJ4RfsoXabZURuipump",
      "8QW2KcH4T7D3JQrBXt9f3n9sRnihgYuXaRMjW7VBpump",
      "2nmowg87Jbo55Uc3yWaeeSZ6DnDBhpoVMiQKMdKfv777",
      "FxFHBsCmCxTgmwQ6Jmk1tAgumTkwMsq6uVZ21ZzDpump",
      "53oF2Fg2RZcVKNPwzQ5s7eqtF6i7orGWBpNkBAZYTTqD",
      "53Xy4g1RJnGR6saaJRDNoo1rYTGZ3W5U321EDdSa5BGD",
      "QbyvMVcfMqtM5fVFxSrtAyym6wRffV7gtsPDLc2xVAL",
      "8XyXWH7NSKWQovUN7oLQdz9icU4DXsib8c89cJDxAni",
      "Ai1R6Ebx1nCMme1kZ5FM7PonqRijHS9t5eQ7cHpspump"
    ]
  }
}
{
  "ts": "2025-08-22T01:43:08.935Z",
  "source": "fastTokenFetcher",
  "data": {
    "heliusEvents": [],
    "dexTop": [
      "7rzDLFdEnixgtcw3wKhzQwELZFPf4qmBPGu9JKtYbonk",
      "0x8De9077B619DcBdA28edda4b8dC16538a59EFb49",
      "0xb5b7F828cAED10DB9582BED424Ff79809CE766cb",
      "7eENH2rqqVAtXoCwBQ1S4FbXJjxAuqNLpcMxfHC8bonk",
      "4beyCd8T3oTY1MMgH19GiCiUhRwH5k4nC9FmX9i8pump",
      "0x50a0c6e812c3f7bac2a005aecb6b44a1c0b49a0b",
      "5LKHMd2rMSRaG9y4iHwSLRtrJ3dCrJ2CytvBeak8pump",
      "FnHMufYxHJY37u1tz7HoVG3L9g8sJkUmAVgnm7YCwVh6",
      "5arEQv5tGJj8UbhnPrc1WL5KMmijCe4FuexCaEXUBAGS",
      "B32hGG9q55tcik9gNBPuoSHTnqFtpKYLpsApFyvCpump",
      "0x2f0464A5DA04B3091A328D89183237ffde47e62d",
      "5B3TUHMjwiU9XHTARWn23BGDxcQ21nuFWEnwhhKSY4nR",
      "Bkn34e6T1ZD5tZiVgTfkQQNGX5kAuLD4fWtST3tZmoon",
      "DLUkPvRQmsEghpkJpsXTHeZbrQJ4RfsoXabZURuipump",
      "8QW2KcH4T7D3JQrBXt9f3n9sRnihgYuXaRMjW7VBpump",
      "2nmowg87Jbo55Uc3yWaeeSZ6DnDBhpoVMiQKMdKfv777",
      "FxFHBsCmCxTgmwQ6Jmk1tAgumTkwMsq6uVZ21ZzDpump",
      "0x1FdcfdEc6fE7A8956bd5b6c4a8C3791aE0A19065",
      "FKP4dgfB2dj5T1rNHk6jHWWjyeDrbQKkF3A3nJJgpump",
      "53oF2Fg2RZcVKNPwzQ5s7eqtF6i7orGWBpNkBAZYTTqD",
      "53Xy4g1RJnGR6saaJRDNoo1rYTGZ3W5U321EDdSa5BGD",
      "QbyvMVcfMqtM5fVFxSrtAyym6wRffV7gtsPDLc2xVAL",
      "8XyXWH7NSKWQovUN7oLQdz9icU4DXsib8c89cJDxAni",
      "Ai1R6Ebx1nCMme1kZ5FM7PonqRijHS9t5eQ7cHpspump",
      "EZ6vkdi5ZzKTxkCsTjkMDRqA8iG1a64kUtVoh7jjpump",
      "CXWRfG6E3iNgMasAutvctuXXAjme53snu9ZTekvypUmP",
      "HMGGFh9d2g2cm7jJSbCERSomHWSXYizjCr5tJiitpump",
      "5VhdQdrt3TPDt18VLNDswXrNkHeKrTsoaiM9isN2pump"
    ],
    "heliusHistory": [
      "7rzDLFdEnixgtcw3wKhzQwELZFPf4qmBPGu9JKtYbonk",
      "7eENH2rqqVAtXoCwBQ1S4FbXJjxAuqNLpcMxfHC8bonk",
      "4beyCd8T3oTY1MMgH19GiCiUhRwH5k4nC9FmX9i8pump",
      "5LKHMd2rMSRaG9y4iHwSLRtrJ3dCrJ2CytvBeak8pump",
      "FnHMufYxHJY37u1tz7HoVG3L9g8sJkUmAVgnm7YCwVh6",
      "5B3TUHMjwiU9XHTARWn23BGDxcQ21nuFWEnwhhKSY4nR",
      "Bkn34e6T1ZD5tZiVgTfkQQNGX5kAuLD4fWtST3tZmoon"
    ]
  }
}
{
  "ts": "2025-08-22T01:43:10.205Z",
  "source": "fastTokenFetcher",
  "data": {
    "heliusEvents": [],
    "dexTop": [
      "7rzDLFdEnixgtcw3wKhzQwELZFPf4qmBPGu9JKtYbonk",
      "0x8De9077B619DcBdA28edda4b8dC16538a59EFb49",
      "0xb5b7F828cAED10DB9582BED424Ff79809CE766cb",
      "7eENH2rqqVAtXoCwBQ1S4FbXJjxAuqNLpcMxfHC8bonk",
      "4beyCd8T3oTY1MMgH19GiCiUhRwH5k4nC9FmX9i8pump",
      "0x50a0c6e812c3f7bac2a005aecb6b44a1c0b49a0b",
      "5LKHMd2rMSRaG9y4iHwSLRtrJ3dCrJ2CytvBeak8pump",
      "FnHMufYxHJY37u1tz7HoVG3L9g8sJkUmAVgnm7YCwVh6",
      "5arEQv5tGJj8UbhnPrc1WL5KMmijCe4FuexCaEXUBAGS",
      "B32hGG9q55tcik9gNBPuoSHTnqFtpKYLpsApFyvCpump",
      "0x2f0464A5DA04B3091A328D89183237ffde47e62d",
      "5B3TUHMjwiU9XHTARWn23BGDxcQ21nuFWEnwhhKSY4nR",
      "Bkn34e6T1ZD5tZiVgTfkQQNGX5kAuLD4fWtST3tZmoon",
      "DLUkPvRQmsEghpkJpsXTHeZbrQJ4RfsoXabZURuipump",
      "8QW2KcH4T7D3JQrBXt9f3n9sRnihgYuXaRMjW7VBpump",
      "2nmowg87Jbo55Uc3yWaeeSZ6DnDBhpoVMiQKMdKfv777",
      "FxFHBsCmCxTgmwQ6Jmk1tAgumTkwMsq6uVZ21ZzDpump",
      "0x1FdcfdEc6fE7A8956bd5b6c4a8C3791aE0A19065",
      "FKP4dgfB2dj5T1rNHk6jHWWjyeDrbQKkF3A3nJJgpump",
      "53oF2Fg2RZcVKNPwzQ5s7eqtF6i7orGWBpNkBAZYTTqD",
      "53Xy4g1RJnGR6saaJRDNoo1rYTGZ3W5U321EDdSa5BGD",
      "QbyvMVcfMqtM5fVFxSrtAyym6wRffV7gtsPDLc2xVAL",
      "8XyXWH7NSKWQovUN7oLQdz9icU4DXsib8c89cJDxAni",
      "Ai1R6Ebx1nCMme1kZ5FM7PonqRijHS9t5eQ7cHpspump",
      "EZ6vkdi5ZzKTxkCsTjkMDRqA8iG1a64kUtVoh7jjpump",
      "CXWRfG6E3iNgMasAutvctuXXAjme53snu9ZTekvypUmP",
      "HMGGFh9d2g2cm7jJSbCERSomHWSXYizjCr5tJiitpump",
      "5VhdQdrt3TPDt18VLNDswXrNkHeKrTsoaiM9isN2pump"
    ],
    "heliusHistory": []
  }
}
